[0114/161145.229:ERROR:os_crypt_win.cc(93)] Failed to decrypt: Clé non valide pour l’utilisation dans l’état spécifié. (0x8009000B)
[0114/161145.778:ERROR:backend_impl.cc(1041)] Critical error found -8
[0114/161146.019:WARNING:storage_block-inl.h(146)] Failed data load.
[0114/161146.906:WARNING:value_store_frontend.cc(45)] Reading mhjfbmdgcfjbbpaeojofohoefgiehjai.alarms from  failed: IO error: .../MANIFEST-000001: Unable to create sequential file (ChromeMethodBFE: 7::NewSequentialFile::1)
[0114/161328.415:WARNING:angle_platform_impl.cc(48)] HLSLCompiler.cpp:257 (compileToBinary): 
C:\fakepath(102,1-6): warning X4000: use of potentially uninitialized variable (dyn_index_vec4_float4)

[0114/161328.754:WARNING:angle_platform_impl.cc(48)] HLSLCompiler.cpp:257 (compileToBinary): 
C:\fakepath(135,1): warning X4000: use of potentially uninitialized variable (f_i)
C:\fakepath(137,1): warning X4000: use of potentially uninitialized variable (f_i)
C:\fakepath(173,1): warning X4000: use of potentially uninitialized variable (f_u)

[0114/161329.122:WARNING:angle_platform_impl.cc(48)] HLSLCompiler.cpp:257 (compileToBinary): 
C:\fakepath(165,1): warning X4000: use of potentially uninitialized variable (f_renderMipMapLevel)

[0114/161329.126:WARNING:angle_platform_impl.cc(48)] HLSLCompiler.cpp:257 (compileToBinary): 
C:\fakepath(165,1): warning X4000: use of potentially uninitialized variable (f_renderMipMapLevel)

[0114/161329.133:WARNING:angle_platform_impl.cc(48)] HLSLCompiler.cpp:257 (compileToBinary): 
C:\fakepath(165,1): warning X4000: use of potentially uninitialized variable (f_renderMipMapLevel)

[0114/161329.266:WARNING:angle_platform_impl.cc(48)] HLSLCompiler.cpp:257 (compileToBinary): 
C:\fakepath(381,10-38): warning X4008: floating point division by zero
C:\fakepath(381,10-38): warning X4008: floating point division by zero

[0114/161329.745:ERROR:gl_utils.cc(314)] [.WebGL-000000902578A280] GL_INVALID_OPERATION: Two textures of different types use the same sampler location.
[0114/161329.745:ERROR:gl_utils.cc(314)] [.WebGL-000000902578A280] GL_INVALID_OPERATION: Two textures of different types use the same sampler location.
[0114/161329.745:ERROR:gl_utils.cc(314)] [.WebGL-000000902578A280] GL_INVALID_OPERATION: Two textures of different types use the same sampler location.
[0114/161329.806:ERROR:gl_utils.cc(314)] [.WebGL-000000902578A280] GL_INVALID_OPERATION: Two textures of different types use the same sampler location.
[0114/161329.806:ERROR:gl_utils.cc(314)] [.WebGL-000000902578A280] GL_INVALID_OPERATION: Two textures of different types use the same sampler location.
[0114/161329.806:ERROR:gl_utils.cc(314)] [.WebGL-000000902578A280] GL_INVALID_OPERATION: Two textures of different types use the same sampler location.
[0114/161345.651:ERROR:gpu_init.cc(426)] Passthrough is not supported, GL is disabled
[0114/161841.685:WARNING:angle_platform_impl.cc(48)] HLSLCompiler.cpp:257 (compileToBinary): 
C:\fakepath(102,1-6): warning X4000: use of potentially uninitialized variable (dyn_index_vec4_float4)

[0114/161841.804:WARNING:angle_platform_impl.cc(48)] HLSLCompiler.cpp:257 (compileToBinary): 
C:\fakepath(135,1): warning X4000: use of potentially uninitialized variable (f_i)
C:\fakepath(137,1): warning X4000: use of potentially uninitialized variable (f_i)
C:\fakepath(173,1): warning X4000: use of potentially uninitialized variable (f_u)

[0114/161842.805:WARNING:angle_platform_impl.cc(48)] HLSLCompiler.cpp:257 (compileToBinary): 
C:\fakepath(165,1): warning X4000: use of potentially uninitialized variable (f_renderMipMapLevel)

